<?xml version="1.0" encoding="UTF-8"?>
<testsuite name="skipvalidator.SKIPValidatorTests" tests="1" skipped="0" failures="0" errors="0" timestamp="2024-10-11T05:22:27" hostname="Taskeens-MacBook-Pro.local" time="0.613">
  <properties/>
  <testcase name="testSKIPValidator$SKIPValidator_debugUnitTest" classname="skipvalidator.SKIPValidatorTests" time="0.613"/>
  <system-out><![CDATA[]]></system-out>
  <system-err><![CDATA[Oct 11, 2024 10:22:27 AM skip.foundation.SkipLogger log
INFO: running testSKIPValidator
]]></system-err>
</testsuite>
